objc[51833]: Class JavaLaunchHelper is implemented in both /Library/Java/JavaVirtualMachines/jdk1.8.0_51.jdk/Contents/Home/bin/java (0x100f4a4c0) and /Library/Java/JavaVirtualMachines/jdk1.8.0_51.jdk/Contents/Home/jre/lib/libinstrument.dylib (0x100fce4e0). One of the two will be used. Which one is undefined.
Type . to quit.
Rack? We can make 0 words from "BBLO"
Rack? We can make 3 words from "BDGLOOO"
All of the words with their scores (sorted by score):
6: GOOD
5: DOG
5: GOD
Rack? We can make 4 words from "DDEGOTU"
All of the words with their scores (sorted by score):
6: DUDE
5: DOG
5: GOD
2: TO
Rack? We can make 6 words from "DGOOOTW"
All of the words with their scores (sorted by score):
8: WOOD
6: GOOD
6: WOO
5: DOG
5: GOD
2: TO
Rack? 